#
# There is insufficient memory for the Java Runtime Environment to continue.
# Native memory allocation (malloc) failed to allocate 2855440 bytes. Error detail: Chunk::new
# Possible reasons:
#   The system is out of physical RAM or swap space
#   This process is running with CompressedOops enabled, and the Java Heap may be blocking the growth of the native heap
# Possible solutions:
#   Reduce memory load on the system
#   Increase physical memory or swap space
#   Check if swap backing store is full
#   Decrease Java heap size (-Xmx/-Xms)
#   Decrease number of Java threads
#   Decrease Java thread stack sizes (-Xss)
#   Set larger code cache with -XX:ReservedCodeCacheSize=
#   JVM is running with Unscaled Compressed Oops mode in which the Java heap is
#     placed in the first 4GB address space. The Java Heap base address is the
#     maximum limit for the native heap growth. Please use -XX:HeapBaseMinAddress
#     to set the Java Heap base and to place the Java Heap above 4GB virtual address.
# This output file may be truncated or incomplete.
#
#  Out of Memory Error (arena.cpp:162), pid=19292, tid=31092
#
# JRE version: OpenJDK Runtime Environment Zulu24.32+13-CA (24.0.2+12) (build 24.0.2+12)
# Java VM: OpenJDK 64-Bit Server VM Zulu24.32+13-CA (24.0.2+12, mixed mode, sharing, tiered, compressed oops, compressed class ptrs, g1 gc, windows-amd64)
# No core dump will be written. Minidumps are not enabled by default on client versions of Windows
#

---------------  S U M M A R Y ------------

Command Line: -Dfile.encoding=UTF-8 --module-path=C:\Users\ashis\Documents\NetBeansProjects\bank management system\build\classes bank.management.system.MiniStatement

Host: 12th Gen Intel(R) Core(TM) i3-1215U, 8 cores, 7G,  Windows 11 , 64 bit Build 26100 (10.0.26100.6725)
Time: Tue Oct 14 12:10:13 2025 India Standard Time elapsed time: 2.327243 seconds (0d 0h 0m 2s)

---------------  T H R E A D  ---------------

Current thread (0x000001f7fcae6480):  JavaThread "C2 CompilerThread0" daemon [_thread_in_native, id=31092, stack(0x000000591ba00000,0x000000591bb00000) (1024K)]


Current CompileTask:
C2:2327  732       4       java.util.Properties::loadConvert (540 bytes)

Stack: [0x000000591ba00000,0x000000591bb00000]
Native frames: (J=compiled Java code, j=interpreted, Vv=VM code, C=native code)
V  [jvm.dll+0x741329]  (no source info available)
V  [jvm.dll+0x97e243]  (no source info available)
V  [jvm.dll+0x98056d]  (no source info available)
V  [jvm.dll+0x980be3]  (no source info available)
V  [jvm.dll+0x2b5a76]  (no source info available)
V  [jvm.dll+0xd00af]  (no source info available)
V  [jvm.dll+0xd030f]  (no source info available)
V  [jvm.dll+0x15b85f]  (no source info available)
V  [jvm.dll+0x746bef]  (no source info available)
V  [jvm.dll+0x27a478]  (no source info available)
V  [jvm.dll+0x279591]  (no source info available)
V  [jvm.dll+0x1f30fa]  (no source info available)
V  [jvm.dll+0x288d95]  (no source info available)
V  [jvm.dll+0x28702a]  (no source info available)
V  [jvm.dll+0x43e016]  (no source info available)
V  [jvm.dll+0x920c78]  (no source info available)
V  [jvm.dll+0x73fab5]  (no source info available)
C  [ucrtbase.dll+0x37b0]  (no source info available)
C  [KERNEL32.DLL+0x2e8d7]  (no source info available)
C  [ntdll.dll+0x8c53c]  (no source info available)

Lock stack of current Java thread (top to bottom):


---------------  P R O C E S S  ---------------

Threads class SMR info:
_java_thread_list=0x000001f7d49b0fa0, length=15, elements={
0x000001f7ec7bccb0, 0x000001f7fcad5630, 0x000001f7fcad5d70, 0x000001f7fcae2440,
0x000001f7fcae4b90, 0x000001f7fcae52d0, 0x000001f7fcae5a10, 0x000001f7fcae6480,
0x000001f7fcaeb500, 0x000001f7d407f140, 0x000001f7d4175940, 0x000001f7d4853960,
0x000001f7d485a490, 0x000001f7d49b2d30, 0x000001f7d4ac5580
}

Java Threads: ( => current thread )
  0x000001f7ec7bccb0 JavaThread "main"                              [_thread_in_vm, id=20916, stack(0x000000591ac00000,0x000000591ad00000) (1024K)]
  0x000001f7fcad5630 JavaThread "Reference Handler"          daemon [_thread_blocked, id=5788, stack(0x000000591b400000,0x000000591b500000) (1024K)]
  0x000001f7fcad5d70 JavaThread "Finalizer"                  daemon [_thread_blocked, id=33952, stack(0x000000591b500000,0x000000591b600000) (1024K)]
  0x000001f7fcae2440 JavaThread "Signal Dispatcher"          daemon [_thread_blocked, id=34948, stack(0x000000591b600000,0x000000591b700000) (1024K)]
  0x000001f7fcae4b90 JavaThread "Attach Listener"            daemon [_thread_blocked, id=35832, stack(0x000000591b700000,0x000000591b800000) (1024K)]
  0x000001f7fcae52d0 JavaThread "Service Thread"             daemon [_thread_blocked, id=7624, stack(0x000000591b800000,0x000000591b900000) (1024K)]
  0x000001f7fcae5a10 JavaThread "Monitor Deflation Thread"   daemon [_thread_blocked, id=28868, stack(0x000000591b900000,0x000000591ba00000) (1024K)]
=>0x000001f7fcae6480 JavaThread "C2 CompilerThread0"         daemon [_thread_in_native, id=31092, stack(0x000000591ba00000,0x000000591bb00000) (1024K)]
  0x000001f7fcaeb500 JavaThread "C1 CompilerThread0"         daemon [_thread_blocked, id=32328, stack(0x000000591bb00000,0x000000591bc00000) (1024K)]
  0x000001f7d407f140 JavaThread "Common-Cleaner"             daemon [_thread_blocked, id=27316, stack(0x000000591bc00000,0x000000591bd00000) (1024K)]
  0x000001f7d4175940 JavaThread "Notification Thread"        daemon [_thread_blocked, id=11232, stack(0x000000591bd00000,0x000000591be00000) (1024K)]
  0x000001f7d4853960 JavaThread "Java2D Disposer"            daemon [_thread_blocked, id=19660, stack(0x000000591be00000,0x000000591bf00000) (1024K)]
  0x000001f7d485a490 JavaThread "AWT-Windows"                daemon [_thread_in_native, id=34924, stack(0x000000591c000000,0x000000591c100000) (1024K)]
  0x000001f7d49b2d30 JavaThread "mysql-cj-abandoned-connection-cleanup" daemon [_thread_blocked, id=30320, stack(0x000000591c100000,0x000000591c200000) (1024K)]
  0x000001f7d4ac5580 JavaThread "C2 CompilerThread1"         daemon [_thread_in_native, id=32056, stack(0x000000591c200000,0x000000591c300000) (1024K)]
Total: 15

Other Threads:
  0x000001f7fcac57c0 VMThread "VM Thread"                           [id=34388, stack(0x000000591b300000,0x000000591b400000) (1024K)]
  0x000001f7fcab29a0 WatcherThread "VM Periodic Task Thread"        [id=31400, stack(0x000000591b200000,0x000000591b300000) (1024K)]
  0x000001f7eec4c850 WorkerThread "GC Thread#0"                     [id=13092, stack(0x000000591ad00000,0x000000591ae00000) (1024K)]
  0x000001f7eec60c70 ConcurrentGCThread "G1 Main Marker"            [id=32708, stack(0x000000591ae00000,0x000000591af00000) (1024K)]
  0x000001f7eec61780 WorkerThread "G1 Conc#0"                       [id=14064, stack(0x000000591af00000,0x000000591b000000) (1024K)]
  0x000001f7fc97e530 ConcurrentGCThread "G1 Refine#0"               [id=16820, stack(0x000000591b000000,0x000000591b100000) (1024K)]
  0x000001f7fc97ef50 ConcurrentGCThread "G1 Service"                [id=26640, stack(0x000000591b100000,0x000000591b200000) (1024K)]
Total: 7

Threads with active compile tasks:
C2 CompilerThread0  2379  732       4       java.util.Properties::loadConvert (540 bytes)
C2 CompilerThread1  2379  777 %     4       java.math.BigInteger::subtract @ 14 (130 bytes)
Total: 2

VM state: not at safepoint (normal execution)

VM Mutex/Monitor currently owned by a thread: None

Heap address: 0x0000000084e00000, size: 1970 MB, Compressed Oops mode: 32-bit

CDS archive(s) mapped at: [0x000001f78f000000-0x000001f78fd40000-0x000001f78fd40000), size 13893632, SharedBaseAddress: 0x000001f78f000000, ArchiveRelocationMode: 1.
Compressed class space mapped at: 0x000001f790000000-0x000001f7d0000000, reserved size: 1073741824
UseCompressedClassPointers 1, UseCompactObjectHeaders 0
Narrow klass pointer bits 32, Max shift 3
Narrow klass base: 0x000001f78f000000, Narrow klass shift: 0
Encoding Range: [0x000001f78f000000 - 0x000001f88f000000), (4294967296 bytes)
Klass Range:    [0x000001f78f000000 - 0x000001f7d0000000), (1090519040 bytes)
Klass ID Range:  [8 - 1090519033) (1090519025)

GC Precious Log:
 CardTable entry size: 512
 Card Set container configuration: InlinePtr #cards 5 size 8 Array Of Cards #cards 10 size 36 Howl #buckets 4 coarsen threshold 1843 Howl Bitmap #cards 512 size 80 coarsen threshold 460 Card regions per heap region 1 cards per card region 2048
 CPUs: 8 total, 8 available
 Memory: 7876M
 Large Page Support: Disabled
 NUMA Support: Disabled
 Compressed Oops: Enabled (32-bit)
 Heap Region Size: 1M
 Heap Min Capacity: 8M
 Heap Initial Capacity: 124M
 Heap Max Capacity: 1970M
 Pre-touch: Disabled
 Parallel Workers: 8
 Concurrent Workers: 2
 Concurrent Refinement Workers: 8
 Periodic GC: Disabled

Heap:
 garbage-first heap   total reserved 2017280K, committed 129024K, used 13424K [0x0000000084e00000, 0x0000000100000000)
  region size 1024K, 13 young (13312K), 0 survivors (0K)
 Metaspace       used 5096K, committed 5312K, reserved 1114112K
  class space    used 419K, committed 512K, reserved 1048576K

Heap Regions: E=young(eden), S=young(survivor), O=old, HS=humongous(starts), HC=humongous(continues), CS=collection set, F=free, TAMS=top-at-mark-start, PB=parsable bottom
|   0|0x0000000084e00000, 0x0000000084e00000, 0x0000000084f00000|  0%| F|  |TAMS 0x0000000084e00000| PB 0x0000000084e00000| Untracked |  0
|   1|0x0000000084f00000, 0x0000000084f00000, 0x0000000085000000|  0%| F|  |TAMS 0x0000000084f00000| PB 0x0000000084f00000| Untracked |  0
|   2|0x0000000085000000, 0x0000000085000000, 0x0000000085100000|  0%| F|  |TAMS 0x0000000085000000| PB 0x0000000085000000| Untracked |  0
|   3|0x0000000085100000, 0x0000000085100000, 0x0000000085200000|  0%| F|  |TAMS 0x0000000085100000| PB 0x0000000085100000| Untracked |  0
|   4|0x0000000085200000, 0x0000000085200000, 0x0000000085300000|  0%| F|  |TAMS 0x0000000085200000| PB 0x0000000085200000| Untracked |  0
|   5|0x0000000085300000, 0x0000000085300000, 0x0000000085400000|  0%| F|  |TAMS 0x0000000085300000| PB 0x0000000085300000| Untracked |  0
|   6|0x0000000085400000, 0x0000000085400000, 0x0000000085500000|  0%| F|  |TAMS 0x0000000085400000| PB 0x0000000085400000| Untracked |  0
|   7|0x0000000085500000, 0x0000000085500000, 0x0000000085600000|  0%| F|  |TAMS 0x0000000085500000| PB 0x0000000085500000| Untracked |  0
|   8|0x0000000085600000, 0x0000000085600000, 0x0000000085700000|  0%| F|  |TAMS 0x0000000085600000| PB 0x0000000085600000| Untracked |  0
|   9|0x0000000085700000, 0x0000000085700000, 0x0000000085800000|  0%| F|  |TAMS 0x0000000085700000| PB 0x0000000085700000| Untracked |  0
|  10|0x0000000085800000, 0x0000000085800000, 0x0000000085900000|  0%| F|  |TAMS 0x0000000085800000| PB 0x0000000085800000| Untracked |  0
|  11|0x0000000085900000, 0x0000000085900000, 0x0000000085a00000|  0%| F|  |TAMS 0x0000000085900000| PB 0x0000000085900000| Untracked |  0
|  12|0x0000000085a00000, 0x0000000085a00000, 0x0000000085b00000|  0%| F|  |TAMS 0x0000000085a00000| PB 0x0000000085a00000| Untracked |  0
|  13|0x0000000085b00000, 0x0000000085b00000, 0x0000000085c00000|  0%| F|  |TAMS 0x0000000085b00000| PB 0x0000000085b00000| Untracked |  0
|  14|0x0000000085c00000, 0x0000000085c00000, 0x0000000085d00000|  0%| F|  |TAMS 0x0000000085c00000| PB 0x0000000085c00000| Untracked |  0
|  15|0x0000000085d00000, 0x0000000085d00000, 0x0000000085e00000|  0%| F|  |TAMS 0x0000000085d00000| PB 0x0000000085d00000| Untracked |  0
|  16|0x0000000085e00000, 0x0000000085e00000, 0x0000000085f00000|  0%| F|  |TAMS 0x0000000085e00000| PB 0x0000000085e00000| Untracked |  0
|  17|0x0000000085f00000, 0x0000000085f00000, 0x0000000086000000|  0%| F|  |TAMS 0x0000000085f00000| PB 0x0000000085f00000| Untracked |  0
|  18|0x0000000086000000, 0x0000000086000000, 0x0000000086100000|  0%| F|  |TAMS 0x0000000086000000| PB 0x0000000086000000| Untracked |  0
|  19|0x0000000086100000, 0x0000000086100000, 0x0000000086200000|  0%| F|  |TAMS 0x0000000086100000| PB 0x0000000086100000| Untracked |  0
|  20|0x0000000086200000, 0x0000000086200000, 0x0000000086300000|  0%| F|  |TAMS 0x0000000086200000| PB 0x0000000086200000| Untracked |  0
|  21|0x0000000086300000, 0x0000000086300000, 0x0000000086400000|  0%| F|  |TAMS 0x0000000086300000| PB 0x0000000086300000| Untracked |  0
|  22|0x0000000086400000, 0x0000000086400000, 0x0000000086500000|  0%| F|  |TAMS 0x0000000086400000| PB 0x0000000086400000| Untracked |  0
|  23|0x0000000086500000, 0x0000000086500000, 0x0000000086600000|  0%| F|  |TAMS 0x0000000086500000| PB 0x0000000086500000| Untracked |  0
|  24|0x0000000086600000, 0x0000000086600000, 0x0000000086700000|  0%| F|  |TAMS 0x0000000086600000| PB 0x0000000086600000| Untracked |  0
|  25|0x0000000086700000, 0x0000000086700000, 0x0000000086800000|  0%| F|  |TAMS 0x0000000086700000| PB 0x0000000086700000| Untracked |  0
|  26|0x0000000086800000, 0x0000000086800000, 0x0000000086900000|  0%| F|  |TAMS 0x0000000086800000| PB 0x0000000086800000| Untracked |  0
|  27|0x0000000086900000, 0x0000000086900000, 0x0000000086a00000|  0%| F|  |TAMS 0x0000000086900000| PB 0x0000000086900000| Untracked |  0
|  28|0x0000000086a00000, 0x0000000086a00000, 0x0000000086b00000|  0%| F|  |TAMS 0x0000000086a00000| PB 0x0000000086a00000| Untracked |  0
|  29|0x0000000086b00000, 0x0000000086b00000, 0x0000000086c00000|  0%| F|  |TAMS 0x0000000086b00000| PB 0x0000000086b00000| Untracked |  0
|  30|0x0000000086c00000, 0x0000000086c00000, 0x0000000086d00000|  0%| F|  |TAMS 0x0000000086c00000| PB 0x0000000086c00000| Untracked |  0
|  31|0x0000000086d00000, 0x0000000086d00000, 0x0000000086e00000|  0%| F|  |TAMS 0x0000000086d00000| PB 0x0000000086d00000| Untracked |  0
|  32|0x0000000086e00000, 0x0000000086e00000, 0x0000000086f00000|  0%| F|  |TAMS 0x0000000086e00000| PB 0x0000000086e00000| Untracked |  0
|  33|0x0000000086f00000, 0x0000000086f00000, 0x0000000087000000|  0%| F|  |TAMS 0x0000000086f00000| PB 0x0000000086f00000| Untracked |  0
|  34|0x0000000087000000, 0x0000000087000000, 0x0000000087100000|  0%| F|  |TAMS 0x0000000087000000| PB 0x0000000087000000| Untracked |  0
|  35|0x0000000087100000, 0x0000000087100000, 0x0000000087200000|  0%| F|  |TAMS 0x0000000087100000| PB 0x0000000087100000| Untracked |  0
|  36|0x0000000087200000, 0x0000000087200000, 0x0000000087300000|  0%| F|  |TAMS 0x0000000087200000| PB 0x0000000087200000| Untracked |  0
|  37|0x0000000087300000, 0x0000000087300000, 0x0000000087400000|  0%| F|  |TAMS 0x0000000087300000| PB 0x0000000087300000| Untracked |  0
|  38|0x0000000087400000, 0x0000000087400000, 0x0000000087500000|  0%| F|  |TAMS 0x0000000087400000| PB 0x0000000087400000| Untracked |  0
|  39|0x0000000087500000, 0x0000000087500000, 0x0000000087600000|  0%| F|  |TAMS 0x0000000087500000| PB 0x0000000087500000| Untracked |  0
|  40|0x0000000087600000, 0x0000000087600000, 0x0000000087700000|  0%| F|  |TAMS 0x0000000087600000| PB 0x0000000087600000| Untracked |  0
|  41|0x0000000087700000, 0x0000000087700000, 0x0000000087800000|  0%| F|  |TAMS 0x0000000087700000| PB 0x0000000087700000| Untracked |  0
|  42|0x0000000087800000, 0x0000000087800000, 0x0000000087900000|  0%| F|  |TAMS 0x0000000087800000| PB 0x0000000087800000| Untracked |  0
|  43|0x0000000087900000, 0x0000000087900000, 0x0000000087a00000|  0%| F|  |TAMS 0x0000000087900000| PB 0x0000000087900000| Untracked |  0
|  44|0x0000000087a00000, 0x0000000087a00000, 0x0000000087b00000|  0%| F|  |TAMS 0x0000000087a00000| PB 0x0000000087a00000| Untracked |  0
|  45|0x0000000087b00000, 0x0000000087b00000, 0x0000000087c00000|  0%| F|  |TAMS 0x0000000087b00000| PB 0x0000000087b00000| Untracked |  0
|  46|0x0000000087c00000, 0x0000000087c00000, 0x0000000087d00000|  0%| F|  |TAMS 0x0000000087c00000| PB 0x0000000087c00000| Untracked |  0
|  47|0x0000000087d00000, 0x0000000087d00000, 0x0000000087e00000|  0%| F|  |TAMS 0x0000000087d00000| PB 0x0000000087d00000| Untracked |  0
|  48|0x0000000087e00000, 0x0000000087e00000, 0x0000000087f00000|  0%| F|  |TAMS 0x0000000087e00000| PB 0x0000000087e00000| Untracked |  0
|  49|0x0000000087f00000, 0x0000000087f00000, 0x0000000088000000|  0%| F|  |TAMS 0x0000000087f00000| PB 0x0000000087f00000| Untracked |  0
|  50|0x0000000088000000, 0x0000000088000000, 0x0000000088100000|  0%| F|  |TAMS 0x0000000088000000| PB 0x0000000088000000| Untracked |  0
|  51|0x0000000088100000, 0x0000000088100000, 0x0000000088200000|  0%| F|  |TAMS 0x0000000088100000| PB 0x0000000088100000| Untracked |  0
|  52|0x0000000088200000, 0x0000000088200000, 0x0000000088300000|  0%| F|  |TAMS 0x0000000088200000| PB 0x0000000088200000| Untracked |  0
|  53|0x0000000088300000, 0x0000000088300000, 0x0000000088400000|  0%| F|  |TAMS 0x0000000088300000| PB 0x0000000088300000| Untracked |  0
|  54|0x0000000088400000, 0x0000000088400000, 0x0000000088500000|  0%| F|  |TAMS 0x0000000088400000| PB 0x0000000088400000| Untracked |  0
|  55|0x0000000088500000, 0x0000000088500000, 0x0000000088600000|  0%| F|  |TAMS 0x0000000088500000| PB 0x0000000088500000| Untracked |  0
|  56|0x0000000088600000, 0x0000000088600000, 0x0000000088700000|  0%| F|  |TAMS 0x0000000088600000| PB 0x0000000088600000| Untracked |  0
|  57|0x0000000088700000, 0x0000000088700000, 0x0000000088800000|  0%| F|  |TAMS 0x0000000088700000| PB 0x0000000088700000| Untracked |  0
|  58|0x0000000088800000, 0x0000000088800000, 0x0000000088900000|  0%| F|  |TAMS 0x0000000088800000| PB 0x0000000088800000| Untracked |  0
|  59|0x0000000088900000, 0x0000000088900000, 0x0000000088a00000|  0%| F|  |TAMS 0x0000000088900000| PB 0x0000000088900000| Untracked |  0
|  60|0x0000000088a00000, 0x0000000088a00000, 0x0000000088b00000|  0%| F|  |TAMS 0x0000000088a00000| PB 0x0000000088a00000| Untracked |  0
|  61|0x0000000088b00000, 0x0000000088b00000, 0x0000000088c00000|  0%| F|  |TAMS 0x0000000088b00000| PB 0x0000000088b00000| Untracked |  0
|  62|0x0000000088c00000, 0x0000000088c00000, 0x0000000088d00000|  0%| F|  |TAMS 0x0000000088c00000| PB 0x0000000088c00000| Untracked |  0
|  63|0x0000000088d00000, 0x0000000088d00000, 0x0000000088e00000|  0%| F|  |TAMS 0x0000000088d00000| PB 0x0000000088d00000| Untracked |  0
|  64|0x0000000088e00000, 0x0000000088e00000, 0x0000000088f00000|  0%| F|  |TAMS 0x0000000088e00000| PB 0x0000000088e00000| Untracked |  0
|  65|0x0000000088f00000, 0x0000000088f00000, 0x0000000089000000|  0%| F|  |TAMS 0x0000000088f00000| PB 0x0000000088f00000| Untracked |  0
|  66|0x0000000089000000, 0x0000000089000000, 0x0000000089100000|  0%| F|  |TAMS 0x0000000089000000| PB 0x0000000089000000| Untracked |  0
|  67|0x0000000089100000, 0x0000000089100000, 0x0000000089200000|  0%| F|  |TAMS 0x0000000089100000| PB 0x0000000089100000| Untracked |  0
|  68|0x0000000089200000, 0x0000000089200000, 0x0000000089300000|  0%| F|  |TAMS 0x0000000089200000| PB 0x0000000089200000| Untracked |  0
|  69|0x0000000089300000, 0x0000000089300000, 0x0000000089400000|  0%| F|  |TAMS 0x0000000089300000| PB 0x0000000089300000| Untracked |  0
|  70|0x0000000089400000, 0x0000000089400000, 0x0000000089500000|  0%| F|  |TAMS 0x0000000089400000| PB 0x0000000089400000| Untracked |  0
|  71|0x0000000089500000, 0x0000000089500000, 0x0000000089600000|  0%| F|  |TAMS 0x0000000089500000| PB 0x0000000089500000| Untracked |  0
|  72|0x0000000089600000, 0x0000000089600000, 0x0000000089700000|  0%| F|  |TAMS 0x0000000089600000| PB 0x0000000089600000| Untracked |  0
|  73|0x0000000089700000, 0x0000000089700000, 0x0000000089800000|  0%| F|  |TAMS 0x0000000089700000| PB 0x0000000089700000| Untracked |  0
|  74|0x0000000089800000, 0x0000000089800000, 0x0000000089900000|  0%| F|  |TAMS 0x0000000089800000| PB 0x0000000089800000| Untracked |  0
|  75|0x0000000089900000, 0x0000000089900000, 0x0000000089a00000|  0%| F|  |TAMS 0x0000000089900000| PB 0x0000000089900000| Untracked |  0
|  76|0x0000000089a00000, 0x0000000089a00000, 0x0000000089b00000|  0%| F|  |TAMS 0x0000000089a00000| PB 0x0000000089a00000| Untracked |  0
|  77|0x0000000089b00000, 0x0000000089b00000, 0x0000000089c00000|  0%| F|  |TAMS 0x0000000089b00000| PB 0x0000000089b00000| Untracked |  0
|  78|0x0000000089c00000, 0x0000000089c00000, 0x0000000089d00000|  0%| F|  |TAMS 0x0000000089c00000| PB 0x0000000089c00000| Untracked |  0
|  79|0x0000000089d00000, 0x0000000089d00000, 0x0000000089e00000|  0%| F|  |TAMS 0x0000000089d00000| PB 0x0000000089d00000| Untracked |  0
|  80|0x0000000089e00000, 0x0000000089e00000, 0x0000000089f00000|  0%| F|  |TAMS 0x0000000089e00000| PB 0x0000000089e00000| Untracked |  0
|  81|0x0000000089f00000, 0x0000000089f00000, 0x000000008a000000|  0%| F|  |TAMS 0x0000000089f00000| PB 0x0000000089f00000| Untracked |  0
|  82|0x000000008a000000, 0x000000008a000000, 0x000000008a100000|  0%| F|  |TAMS 0x000000008a000000| PB 0x000000008a000000| Untracked |  0
|  83|0x000000008a100000, 0x000000008a100000, 0x000000008a200000|  0%| F|  |TAMS 0x000000008a100000| PB 0x000000008a100000| Untracked |  0
|  84|0x000000008a200000, 0x000000008a200000, 0x000000008a300000|  0%| F|  |TAMS 0x000000008a200000| PB 0x000000008a200000| Untracked |  0
|  85|0x000000008a300000, 0x000000008a300000, 0x000000008a400000|  0%| F|  |TAMS 0x000000008a300000| PB 0x000000008a300000| Untracked |  0
|  86|0x000000008a400000, 0x000000008a400000, 0x000000008a500000|  0%| F|  |TAMS 0x000000008a400000| PB 0x000000008a400000| Untracked |  0
|  87|0x000000008a500000, 0x000000008a500000, 0x000000008a600000|  0%| F|  |TAMS 0x000000008a500000| PB 0x000000008a500000| Untracked |  0
|  88|0x000000008a600000, 0x000000008a600000, 0x000000008a700000|  0%| F|  |TAMS 0x000000008a600000| PB 0x000000008a600000| Untracked |  0
|  89|0x000000008a700000, 0x000000008a700000, 0x000000008a800000|  0%| F|  |TAMS 0x000000008a700000| PB 0x000000008a700000| Untracked |  0
|  90|0x000000008a800000, 0x000000008a800000, 0x000000008a900000|  0%| F|  |TAMS 0x000000008a800000| PB 0x000000008a800000| Untracked |  0
|  91|0x000000008a900000, 0x000000008a900000, 0x000000008aa00000|  0%| F|  |TAMS 0x000000008a900000| PB 0x000000008a900000| Untracked |  0
|  92|0x000000008aa00000, 0x000000008aa00000, 0x000000008ab00000|  0%| F|  |TAMS 0x000000008aa00000| PB 0x000000008aa00000| Untracked |  0
|  93|0x000000008ab00000, 0x000000008ab00000, 0x000000008ac00000|  0%| F|  |TAMS 0x000000008ab00000| PB 0x000000008ab00000| Untracked |  0
|  94|0x000000008ac00000, 0x000000008ac00000, 0x000000008ad00000|  0%| F|  |TAMS 0x000000008ac00000| PB 0x000000008ac00000| Untracked |  0
|  95|0x000000008ad00000, 0x000000008ad00000, 0x000000008ae00000|  0%| F|  |TAMS 0x000000008ad00000| PB 0x000000008ad00000| Untracked |  0
|  96|0x000000008ae00000, 0x000000008ae00000, 0x000000008af00000|  0%| F|  |TAMS 0x000000008ae00000| PB 0x000000008ae00000| Untracked |  0
|  97|0x000000008af00000, 0x000000008af00000, 0x000000008b000000|  0%| F|  |TAMS 0x000000008af00000| PB 0x000000008af00000| Untracked |  0
|  98|0x000000008b000000, 0x000000008b000000, 0x000000008b100000|  0%| F|  |TAMS 0x000000008b000000| PB 0x000000008b000000| Untracked |  0
|  99|0x000000008b100000, 0x000000008b100000, 0x000000008b200000|  0%| F|  |TAMS 0x000000008b100000| PB 0x000000008b100000| Untracked |  0
| 100|0x000000008b200000, 0x000000008b200000, 0x000000008b300000|  0%| F|  |TAMS 0x000000008b200000| PB 0x000000008b200000| Untracked |  0
| 101|0x000000008b300000, 0x000000008b300000, 0x000000008b400000|  0%| F|  |TAMS 0x000000008b300000| PB 0x000000008b300000| Untracked |  0
| 102|0x000000008b400000, 0x000000008b400000, 0x000000008b500000|  0%| F|  |TAMS 0x000000008b400000| PB 0x000000008b400000| Untracked |  0
| 103|0x000000008b500000, 0x000000008b500000, 0x000000008b600000|  0%| F|  |TAMS 0x000000008b500000| PB 0x000000008b500000| Untracked |  0
| 104|0x000000008b600000, 0x000000008b600000, 0x000000008b700000|  0%| F|  |TAMS 0x000000008b600000| PB 0x000000008b600000| Untracked |  0
| 105|0x000000008b700000, 0x000000008b700000, 0x000000008b800000|  0%| F|  |TAMS 0x000000008b700000| PB 0x000000008b700000| Untracked |  0
| 106|0x000000008b800000, 0x000000008b800000, 0x000000008b900000|  0%| F|  |TAMS 0x000000008b800000| PB 0x000000008b800000| Untracked |  0
| 107|0x000000008b900000, 0x000000008b900000, 0x000000008ba00000|  0%| F|  |TAMS 0x000000008b900000| PB 0x000000008b900000| Untracked |  0
| 108|0x000000008ba00000, 0x000000008ba00000, 0x000000008bb00000|  0%| F|  |TAMS 0x000000008ba00000| PB 0x000000008ba00000| Untracked |  0
| 109|0x000000008bb00000, 0x000000008bb00000, 0x000000008bc00000|  0%| F|  |TAMS 0x000000008bb00000| PB 0x000000008bb00000| Untracked |  0
| 110|0x000000008bc00000, 0x000000008bc24600, 0x000000008bd00000| 14%| E|  |TAMS 0x000000008bc00000| PB 0x000000008bc00000| Complete |  0
| 111|0x000000008bd00000, 0x000000008be00000, 0x000000008be00000|100%| E|CS|TAMS 0x000000008bd00000| PB 0x000000008bd00000| Complete |  1
| 112|0x000000008be00000, 0x000000008bf00000, 0x000000008bf00000|100%| E|CS|TAMS 0x000000008be00000| PB 0x000000008be00000| Complete |  0
| 113|0x000000008bf00000, 0x000000008c000000, 0x000000008c000000|100%| E|CS|TAMS 0x000000008bf00000| PB 0x000000008bf00000| Complete |  0
| 114|0x000000008c000000, 0x000000008c100000, 0x000000008c100000|100%| E|CS|TAMS 0x000000008c000000| PB 0x000000008c000000| Complete |  0
| 115|0x000000008c100000, 0x000000008c200000, 0x000000008c200000|100%| E|CS|TAMS 0x000000008c100000| PB 0x000000008c100000| Complete |  0
| 116|0x000000008c200000, 0x000000008c300000, 0x000000008c300000|100%| E|CS|TAMS 0x000000008c200000| PB 0x000000008c200000| Complete |  0
| 117|0x000000008c300000, 0x000000008c400000, 0x000000008c400000|100%| E|CS|TAMS 0x000000008c300000| PB 0x000000008c300000| Complete |  0
| 118|0x000000008c400000, 0x000000008c500000, 0x000000008c500000|100%| E|CS|TAMS 0x000000008c400000| PB 0x000000008c400000| Complete |  0
| 119|0x000000008c500000, 0x000000008c600000, 0x000000008c600000|100%| E|CS|TAMS 0x000000008c500000| PB 0x000000008c500000| Complete |  0
| 120|0x000000008c600000, 0x000000008c700000, 0x000000008c700000|100%| E|CS|TAMS 0x000000008c600000| PB 0x000000008c600000| Complete |  0
| 121|0x000000008c700000, 0x000000008c800000, 0x000000008c800000|100%| E|CS|TAMS 0x000000008c700000| PB 0x000000008c700000| Complete |  0
| 122|0x000000008c800000, 0x000000008c900000, 0x000000008c900000|100%| E|CS|TAMS 0x000000008c800000| PB 0x000000008c800000| Complete |  0
| 123|0x000000008c900000, 0x000000008ca00000, 0x000000008ca00000|100%| E|CS|TAMS 0x000000008c900000| PB 0x000000008c900000| Complete |  0
|1968|0x00000000ffe00000, 0x00000000fff00000, 0x00000000fff00000|100%| O|  |TAMS 0x00000000ffe00000| PB 0x00000000ffe00000| Untracked |  0
|1969|0x00000000fff00000, 0x00000000fff1c318, 0x0000000100000000| 11%| O|  |TAMS 0x00000000fff00000| PB 0x00000000fff00000| Untracked |  0

Card table byte_map: [0x000001f7f7e10000,0x000001f7f81f0000] _byte_map_base: 0x000001f7f79e9000

Marking Bits: (CMBitMap*) 0x000001f7eec4cf60
 Bits: [0x000001f7f81f0000, 0x000001f7fa0b8000)

Polling page: 0x000001f7ece40000

Metaspace:

Usage:
  Non-class:      4.59 MB used.
      Class:    419.91 KB used.
       Both:      5.00 MB used.

Virtual space:
  Non-class space:       64.00 MB reserved,       4.69 MB (  7%) committed,  1 nodes.
      Class space:        1.00 GB reserved,     512.00 KB ( <1%) committed,  1 nodes.
             Both:        1.06 GB reserved,       5.19 MB ( <1%) committed. 

Chunk freelists:
   Non-Class:  10.65 MB
       Class:  15.56 MB
        Both:  26.21 MB

MaxMetaspaceSize: unlimited
CompressedClassSpaceSize: 1.00 GB
Initial GC threshold: 21.00 MB
Current GC threshold: 21.00 MB
CDS: on
 - commit_granule_bytes: 65536.
 - commit_granule_words: 8192.
 - virtual_space_node_default_size: 8388608.
 - enlarge_chunks_in_place: 1.
UseCompressedClassPointers 1, UseCompactObjectHeaders 0
Narrow klass pointer bits 32, Max shift 3
Narrow klass base: 0x000001f78f000000, Narrow klass shift: 0
Encoding Range: [0x000001f78f000000 - 0x000001f88f000000), (4294967296 bytes)
Klass Range:    [0x000001f78f000000 - 0x000001f7d0000000), (1090519040 bytes)
Klass ID Range:  [8 - 1090519033) (1090519025)


Internal statistics:

num_allocs_failed_limit: 0.
num_arena_births: 68.
num_arena_deaths: 0.
num_vsnodes_births: 2.
num_vsnodes_deaths: 0.
num_space_committed: 83.
num_space_uncommitted: 0.
num_chunks_returned_to_freelist: 0.
num_chunks_taken_from_freelist: 96.
num_chunk_merges: 0.
num_chunk_splits: 60.
num_chunks_enlarged: 39.
num_inconsistent_stats: 0.

CodeHeap 'non-profiled nmethods': size=120064Kb used=209Kb max_used=209Kb free=119854Kb
 bounds [0x000001f787ac0000, 0x000001f787d30000, 0x000001f78f000000]
CodeHeap 'profiled nmethods': size=120000Kb used=1077Kb max_used=1077Kb free=118922Kb
 bounds [0x000001f780000000, 0x000001f780270000, 0x000001f787530000]
CodeHeap 'non-nmethods': size=5696Kb used=1374Kb max_used=1389Kb free=4322Kb
 bounds [0x000001f787530000, 0x000001f7877a0000, 0x000001f787ac0000]
CodeCache: size=245760Kb, used=2660Kb, max_used=2675Kb, free=243098Kb
 total_blobs=1329, nmethods=788, adapters=446, full_count=0
Compilation: enabled, stopped_count=0, restarted_count=0

Compilation events (20 events):
Event: 1.316 Thread 0x000001f7fcaeb500  744       3       java.util.concurrent.ConcurrentHashMap$MapEntry::<init> (20 bytes)
Event: 1.316 Thread 0x000001f7fcaeb500 nmethod 744 0x000001f7800f7388 code [0x000001f7800f74a0, 0x000001f7800f7718]
Event: 1.317 Thread 0x000001f7d4ac5580  739 %     4       java.lang.StringLatin1::inflate @ 3 (34 bytes)
Event: 1.318 Thread 0x000001f7fcaeb500  746       3       jdk.internal.jimage.ImageStringsReader::match (11 bytes)
Event: 1.318 Thread 0x000001f7fcaeb500 nmethod 746 0x000001f7800f7788 code [0x000001f7800f78a0, 0x000001f7800f7a68]
Event: 1.318 Thread 0x000001f7fcaeb500  747       3       jdk.internal.jimage.BasicImageReader::match (37 bytes)
Event: 1.318 Thread 0x000001f7fcaeb500 nmethod 747 0x000001f7800f7a88 code [0x000001f7800f7bc0, 0x000001f7800f7eb8]
Event: 1.319 Thread 0x000001f7fcaeb500  748       3       jdk.internal.jimage.ImageLocation::verifyName (161 bytes)
Event: 1.321 Thread 0x000001f7fcaeb500 nmethod 748 0x000001f7800f7f08 code [0x000001f7800f81c0, 0x000001f7800f99b8]
Event: 1.321 Thread 0x000001f7fcaeb500  749       3       jdk.internal.jimage.ImageLocation::verify (218 bytes)
Event: 1.322 Thread 0x000001f7fcaeb500 nmethod 749 0x000001f7800f9a88 code [0x000001f7800f9cc0, 0x000001f7800fad48]
Event: 1.322 Thread 0x000001f7d4ac5580 nmethod 739% 0x000001f787aefc88 code [0x000001f787aefda0, 0x000001f787af0108]
Event: 1.322 Thread 0x000001f7d4ac5580  733       4       java.lang.StringUTF16::compress (47 bytes)
Event: 1.327 Thread 0x000001f7fcaeb500  750       3       jdk.internal.util.Preconditions::checkFromToIndex (24 bytes)
Event: 1.327 Thread 0x000001f7fcaeb500 nmethod 750 0x000001f7800fae08 code [0x000001f7800faf20, 0x000001f7800fb0d8]
Event: 1.327 Thread 0x000001f7fcaeb500  751       3       java.math.BigInteger::implMulAdd (81 bytes)
Event: 1.328 Thread 0x000001f7fcaeb500 nmethod 751 0x000001f7800fb108 code [0x000001f7800fb220, 0x000001f7800fb450]
Event: 1.330 Thread 0x000001f7fcaeb500  752       3       java.math.BigInteger::mulAdd (19 bytes)
Event: 1.330 Thread 0x000001f7fcaeb500 nmethod 752 0x000001f7800fb488 code [0x000001f7800fb5c0, 0x000001f7800fb758]
Event: 1.330 Thread 0x000001f7fcaeb500  753       3       java.math.BigInteger::implMulAddCheck (176 bytes)

GC Heap History (0 events):
No events

Dll operation events (7 events):
Event: 0.129 Loaded shared library C:\Program Files\Apache NetBeans\jdk\bin\java.dll
Event: 0.454 Loaded shared library C:\Program Files\Apache NetBeans\jdk\bin\jsvml.dll
Event: 0.593 Loaded shared library C:\Program Files\Apache NetBeans\jdk\bin\net.dll
Event: 0.612 Loaded shared library C:\Program Files\Apache NetBeans\jdk\bin\nio.dll
Event: 0.694 Loaded shared library C:\Program Files\Apache NetBeans\jdk\bin\zip.dll
Event: 0.719 Loaded shared library C:\Program Files\Apache NetBeans\jdk\bin\jimage.dll
Event: 0.742 Loaded shared library C:\Program Files\Apache NetBeans\jdk\bin\awt.dll

Deoptimization events (8 events):
Event: 0.985 Thread 0x000001f7ec7bccb0 Uncommon trap: trap_request=0xffffff4d fr.pc=0x000001f787acead0 relative=0x0000000000000730
Event: 0.985 Thread 0x000001f7ec7bccb0 Uncommon trap: reason=unstable_if action=reinterpret pc=0x000001f787acead0 method=java.util.HashMap.putVal(ILjava/lang/Object;Ljava/lang/Object;ZZ)Ljava/lang/Object; @ 236 c2
Event: 0.985 Thread 0x000001f7ec7bccb0 DEOPT PACKING pc=0x000001f787acead0 sp=0x000000591acfdff0
Event: 0.985 Thread 0x000001f7ec7bccb0 DEOPT UNPACKING pc=0x000001f787648582 sp=0x000000591acfdf78 mode 2
Event: 1.147 Thread 0x000001f7ec7bccb0 Uncommon trap: trap_request=0xffffff4d fr.pc=0x000001f787ae8918 relative=0x00000000000004d8
Event: 1.147 Thread 0x000001f7ec7bccb0 Uncommon trap: reason=unstable_if action=reinterpret pc=0x000001f787ae8918 method=java.lang.StringLatin1.replace([BCC)Ljava/lang/String; @ 19 c2
Event: 1.147 Thread 0x000001f7ec7bccb0 DEOPT PACKING pc=0x000001f787ae8918 sp=0x000000591acfe900
Event: 1.147 Thread 0x000001f7ec7bccb0 DEOPT UNPACKING pc=0x000001f787648582 sp=0x000000591acfe880 mode 2

Classes loaded (20 events):
Event: 1.271 Loading class java/util/spi/ResourceBundleControlProvider
Event: 1.271 Loading class java/util/spi/ResourceBundleControlProvider done
Event: 1.271 Loading class java/util/ServiceLoader$ProviderSpliterator
Event: 1.271 Loading class java/util/ServiceLoader$ProviderSpliterator done
Event: 1.284 Loading class java/util/PropertyResourceBundle
Event: 1.285 Loading class java/util/PropertyResourceBundle done
Event: 1.285 Loading class sun/util/PropertyResourceBundleCharset
Event: 1.285 Loading class sun/util/PropertyResourceBundleCharset done
Event: 1.286 Loading class sun/util/PropertyResourceBundleCharset$PropertiesFileDecoder
Event: 1.286 Loading class sun/util/PropertyResourceBundleCharset$PropertiesFileDecoder done
Event: 1.319 Loading class java/text/MessageFormat
Event: 1.321 Loading class java/text/MessageFormat done
Event: 1.322 Loading class java/math/BigDecimal
Event: 1.323 Loading class java/math/BigDecimal done
Event: 1.330 Loading class java/math/BigInteger$RecursiveOp
Event: 1.330 Loading class java/util/concurrent/RecursiveTask
Event: 1.330 Loading class java/util/concurrent/RecursiveTask done
Event: 1.330 Loading class java/math/BigInteger$RecursiveOp done
Event: 1.942 Loading class sun/awt/AppContext$PostShutdownEventRunnable
Event: 1.942 Loading class sun/awt/AppContext$PostShutdownEventRunnable done

Classes unloaded (0 events):
No events

Classes redefined (0 events):
No events

Internal exceptions (20 events):
Event: 0.636 Thread 0x000001f7ec7bccb0 Exception <a 'sun/nio/fs/WindowsException'{0x000000008c8dd7d8}> (0x000000008c8dd7d8) 
thrown [s\src\hotspot\share\prims\jni.cpp, line 518]
Event: 0.728 Thread 0x000001f7ec7bccb0 Exception <a 'java/lang/ClassNotFoundException'{0x000000008c628a80}: sun/awt/resources/spi/awtProvider> (0x000000008c628a80) 
thrown [s\src\hotspot\share\classfile\systemDictionary.cpp, line 327]
Event: 0.755 Thread 0x000001f7ec7bccb0 Exception <a 'java/io/FileNotFoundException'{0x000000008c649130}> (0x000000008c649130) 
thrown [s\src\hotspot\share\prims\jni.cpp, line 518]
Event: 0.760 Thread 0x000001f7ec7bccb0 Exception <a 'java/io/FileNotFoundException'{0x000000008c65ba18}> (0x000000008c65ba18) 
thrown [s\src\hotspot\share\prims\jni.cpp, line 518]
Event: 0.823 Thread 0x000001f7ec7bccb0 Exception <a 'java/lang/NoSuchMethodError'{0x000000008c6a6c10}: 'java.lang.Object java.lang.invoke.DirectMethodHandle$Holder.invokeStaticInit(java.lang.Object)'> (0x000000008c6a6c10) 
thrown [s\src\hotspot\share\interpreter\linkResolver.cpp, line 805]
Event: 0.920 Thread 0x000001f7ec7bccb0 Exception <a 'java/lang/NoSuchMethodError'{0x000000008c6d8440}: 'int java.lang.invoke.DirectMethodHandle$Holder.invokeStaticInit(java.lang.Object, int)'> (0x000000008c6d8440) 
thrown [s\src\hotspot\share\interpreter\linkResolver.cpp, line 805]
Event: 0.924 Thread 0x000001f7ec7bccb0 Exception <a 'java/lang/NoSuchMethodError'{0x000000008c6e0c60}: 'long java.lang.invoke.DirectMethodHandle$Holder.invokeStatic(java.lang.Object, java.lang.Object)'> (0x000000008c6e0c60) 
thrown [s\src\hotspot\share\interpreter\linkResolver.cpp, line 805]
Event: 0.925 Thread 0x000001f7ec7bccb0 Exception <a 'java/lang/NoSuchMethodError'{0x000000008c6e8c80}: 'long java.lang.invoke.DirectMethodHandle$Holder.invokeStaticInit(java.lang.Object, java.lang.Object)'> (0x000000008c6e8c80) 
thrown [s\src\hotspot\share\interpreter\linkResolver.cpp, line 805]
Event: 0.927 Thread 0x000001f7ec7bccb0 Exception <a 'java/lang/NoSuchMethodError'{0x000000008c6f14c8}: 'java.lang.Object java.lang.invoke.DirectMethodHandle$Holder.invokeStatic(java.lang.Object, long, java.lang.Object)'> (0x000000008c6f14c8) 
thrown [s\src\hotspot\share\interpreter\linkResolver.cpp, line 805]
Event: 0.928 Thread 0x000001f7ec7bccb0 Exception <a 'java/lang/NoSuchMethodError'{0x000000008c6f95e0}: 'java.lang.Object java.lang.invoke.DirectMethodHandle$Holder.invokeStaticInit(java.lang.Object, long, java.lang.Object)'> (0x000000008c6f95e0) 
thrown [s\src\hotspot\share\interpreter\linkResolver.cpp, line 805]
Event: 0.929 Thread 0x000001f7ec7bccb0 Exception <a 'java/lang/NoSuchMethodError'{0x000000008c581c60}: 'java.lang.Object java.lang.invoke.DirectMethodHandle$Holder.invokeStatic(java.lang.Object, long)'> (0x000000008c581c60) 
thrown [s\src\hotspot\share\interpreter\linkResolver.cpp, line 805]
Event: 0.930 Thread 0x000001f7ec7bccb0 Exception <a 'java/lang/NoSuchMethodError'{0x000000008c589c80}: 'java.lang.Object java.lang.invoke.DirectMethodHandle$Holder.invokeStaticInit(java.lang.Object, long)'> (0x000000008c589c80) 
thrown [s\src\hotspot\share\interpreter\linkResolver.cpp, line 805]
Event: 0.992 Thread 0x000001f7ec7bccb0 Exception <a 'java/lang/NoSuchMethodError'{0x000000008c5b9c88}: 'void java.lang.invoke.DirectMethodHandle$Holder.invokeSpecial(java.lang.Object, java.lang.Object, java.lang.Object)'> (0x000000008c5b9c88) 
thrown [s\src\hotspot\share\interpreter\linkResolver.cpp, line 805]
Event: 1.019 Thread 0x000001f7ec7bccb0 Exception <a 'java/lang/NoSuchMethodError'{0x000000008c429db0}: 'java.lang.Object java.lang.invoke.DirectMethodHandle$Holder.newInvokeSpecial(java.lang.Object, java.lang.Object, java.lang.Object, java.lang.Object, java.lang.Object)'> (0x000000008c429db0) 
thrown [s\src\hotspot\share\interpreter\linkResolver.cpp, line 805]
Event: 1.036 Thread 0x000001f7ec7bccb0 Exception <a 'java/lang/NoSuchMethodError'{0x000000008c492ed0}: 'java.lang.Object java.lang.invoke.DirectMethodHandle$Holder.invokeStatic(java.lang.Object, int, java.lang.Object)'> (0x000000008c492ed0) 
thrown [s\src\hotspot\share\interpreter\linkResolver.cpp, line 805]
Event: 1.114 Thread 0x000001f7ec7bccb0 Exception <a 'java/lang/ClassNotFoundException'{0x000000008c2c3a90}: com/sun/swing/internal/plaf/metal/resources/spi/metalProvider> (0x000000008c2c3a90) 
thrown [s\src\hotspot\share\classfile\systemDictionary.cpp, line 327]
Event: 1.118 Thread 0x000001f7ec7bccb0 Exception <a 'java/lang/ClassNotFoundException'{0x000000008c2c74f0}: com/sun/swing/internal/plaf/basic/resources/spi/basicProvider> (0x000000008c2c74f0) 
thrown [s\src\hotspot\share\classfile\systemDictionary.cpp, line 327]
Event: 1.142 Thread 0x000001f7ec7bccb0 Exception <a 'java/lang/NoSuchMethodError'{0x000000008c2f4fa8}: 'int java.lang.invoke.Invokers$Holder.invokeExact_MT(java.lang.Object, java.lang.Object)'> (0x000000008c2f4fa8) 
thrown [s\src\hotspot\share\interpreter\linkResolver.cpp, line 805]
Event: 1.173 Thread 0x000001f7ec7bccb0 Exception <a 'java/lang/NoSuchMethodError'{0x000000008c121ff8}: 'void java.lang.invoke.DirectMethodHandle$Holder.invokeStatic(java.lang.Object, java.lang.Object)'> (0x000000008c121ff8) 
thrown [s\src\hotspot\share\interpreter\linkResolver.cpp, line 805]
Event: 1.272 Thread 0x000001f7ec7bccb0 Exception <a 'java/lang/NoSuchMethodError'{0x000000008c0620b0}: 'java.lang.Object java.lang.invoke.DirectMethodHandle$Holder.invokeInterface(java.lang.Object, java.lang.Object)'> (0x000000008c0620b0) 
thrown [s\src\hotspot\share\interpreter\linkResolver.cpp, line 805]

VM Operations (4 events):
Event: 0.644 Executing VM operation: HandshakeAllThreads (Deoptimize)
Event: 0.644 Executing VM operation: HandshakeAllThreads (Deoptimize) done
Event: 1.205 Executing VM operation: HandshakeAllThreads (Deoptimize)
Event: 1.205 Executing VM operation: HandshakeAllThreads (Deoptimize) done

Memory protections (0 events):
No events

Nmethod flushes (0 events):
No events

Events (16 events):
Event: 0.272 Thread 0x000001f7ec7bccb0 Thread added: 0x000001f7ec7bccb0
Event: 0.412 Thread 0x000001f7ec7bccb0 Thread added: 0x000001f7fcad5630
Event: 0.412 Thread 0x000001f7ec7bccb0 Thread added: 0x000001f7fcad5d70
Event: 0.414 Thread 0x000001f7ec7bccb0 Thread added: 0x000001f7fcae2440
Event: 0.414 Thread 0x000001f7ec7bccb0 Thread added: 0x000001f7fcae4b90
Event: 0.414 Thread 0x000001f7ec7bccb0 Thread added: 0x000001f7fcae52d0
Event: 0.414 Thread 0x000001f7ec7bccb0 Thread added: 0x000001f7fcae5a10
Event: 0.414 Thread 0x000001f7ec7bccb0 Thread added: 0x000001f7fcae6480
Event: 0.419 Thread 0x000001f7ec7bccb0 Thread added: 0x000001f7fcaeb500
Event: 0.587 Thread 0x000001f7ec7bccb0 Thread added: 0x000001f7d407f140
Event: 0.676 Thread 0x000001f7ec7bccb0 Thread added: 0x000001f7d4175940
Event: 0.887 Thread 0x000001f7ec7bccb0 Thread added: 0x000001f7d4853960
Event: 0.888 Thread 0x000001f7ec7bccb0 Thread added: 0x000001f7d4857b70
Event: 0.890 Thread 0x000001f7ec7bccb0 Thread added: 0x000001f7d485a490
Event: 1.175 Thread 0x000001f7ec7bccb0 Thread added: 0x000001f7d49b2d30
Event: 1.317 Thread 0x000001f7fcaeb500 Thread added: 0x000001f7d4ac5580


Dynamic libraries:
0x00007ff7e4d60000 - 0x00007ff7e4d6e000 	C:\Program Files\Apache NetBeans\jdk\bin\java.exe
0x00007ff840020000 - 0x00007ff840288000 	C:\WINDOWS\SYSTEM32\ntdll.dll
0x00007ff83e680000 - 0x00007ff83e749000 	C:\WINDOWS\System32\KERNEL32.DLL
0x00007ff83d520000 - 0x00007ff83d912000 	C:\WINDOWS\System32\KERNELBASE.dll
0x00007ff83dc10000 - 0x00007ff83dd5b000 	C:\WINDOWS\System32\ucrtbase.dll
0x00007ffffe990000 - 0x00007ffffe9a6000 	C:\Program Files\Apache NetBeans\jdk\bin\jli.dll
0x00007ff83e4b0000 - 0x00007ff83e675000 	C:\WINDOWS\System32\USER32.dll
0x00007ff81a1d0000 - 0x00007ff81a1ee000 	C:\Program Files\Apache NetBeans\jdk\bin\VCRUNTIME140.dll
0x00007ff83d4f0000 - 0x00007ff83d517000 	C:\WINDOWS\System32\win32u.dll
0x00007ff83ffb0000 - 0x00007ff83ffdb000 	C:\WINDOWS\System32\GDI32.dll
0x00007ff821ef0000 - 0x00007ff822183000 	C:\WINDOWS\WinSxS\amd64_microsoft.windows.common-controls_6595b64144ccf1df_6.0.26100.6725_none_3e085828e334708b\COMCTL32.dll
0x00007ff83e300000 - 0x00007ff83e3a9000 	C:\WINDOWS\System32\msvcrt.dll
0x00007ff83d1b0000 - 0x00007ff83d2dd000 	C:\WINDOWS\System32\gdi32full.dll
0x00007ff83db60000 - 0x00007ff83dc03000 	C:\WINDOWS\System32\msvcp_win.dll
0x00007ff83df20000 - 0x00007ff83df4f000 	C:\WINDOWS\System32\IMM32.DLL
0x00007ff832040000 - 0x00007ff83204c000 	C:\Program Files\Apache NetBeans\jdk\bin\vcruntime140_1.dll
0x00007ffff64b0000 - 0x00007ffff653d000 	C:\Program Files\Apache NetBeans\jdk\bin\msvcp140.dll
0x00007fff8b9c0000 - 0x00007fff8c83c000 	C:\Program Files\Apache NetBeans\jdk\bin\server\jvm.dll
0x00007ff83e1a0000 - 0x00007ff83e254000 	C:\WINDOWS\System32\ADVAPI32.dll
0x00007ff83ff00000 - 0x00007ff83ffa6000 	C:\WINDOWS\System32\sechost.dll
0x00007ff83f880000 - 0x00007ff83f998000 	C:\WINDOWS\System32\RPCRT4.dll
0x00007ff83e020000 - 0x00007ff83e094000 	C:\WINDOWS\System32\WS2_32.dll
0x00007ff83d010000 - 0x00007ff83d06e000 	C:\WINDOWS\SYSTEM32\POWRPROF.dll
0x00007ff83a340000 - 0x00007ff83a375000 	C:\WINDOWS\SYSTEM32\WINMM.dll
0x00007ff822300000 - 0x00007ff82230b000 	C:\WINDOWS\SYSTEM32\VERSION.dll
0x00007ff83cff0000 - 0x00007ff83d004000 	C:\WINDOWS\SYSTEM32\UMPDC.dll
0x00007ff83bf80000 - 0x00007ff83bf9b000 	C:\WINDOWS\SYSTEM32\kernel.appcore.dll
0x00007ff828ac0000 - 0x00007ff828aca000 	C:\Program Files\Apache NetBeans\jdk\bin\jimage.dll
0x00007ff83a800000 - 0x00007ff83aa42000 	C:\WINDOWS\SYSTEM32\DBGHELP.DLL
0x00007ff83e8c0000 - 0x00007ff83ec3b000 	C:\WINDOWS\System32\combase.dll
0x00007ff83f9a0000 - 0x00007ff83fa77000 	C:\WINDOWS\System32\OLEAUT32.dll
0x00007ff8063e0000 - 0x00007ff80641c000 	C:\WINDOWS\SYSTEM32\dbgcore.DLL
0x00007ff83d450000 - 0x00007ff83d4e8000 	C:\WINDOWS\System32\bcryptPrimitives.dll
0x00007ff80dee0000 - 0x00007ff80defe000 	C:\Program Files\Apache NetBeans\jdk\bin\java.dll
0x00007ff83fa80000 - 0x00007ff83fc18000 	C:\WINDOWS\System32\ole32.dll
0x00007ff83ec40000 - 0x00007ff83f38c000 	C:\WINDOWS\System32\SHELL32.dll
0x00007ff83d2e0000 - 0x00007ff83d44b000 	C:\WINDOWS\System32\wintypes.dll
0x00007ff83ae00000 - 0x00007ff83b65d000 	C:\WINDOWS\SYSTEM32\windows.storage.dll
0x00007ff83e3b0000 - 0x00007ff83e4a2000 	C:\WINDOWS\System32\SHCORE.dll
0x00007ff83deb0000 - 0x00007ff83df12000 	C:\WINDOWS\System32\shlwapi.dll
0x00007ff83d0d0000 - 0x00007ff83d0f9000 	C:\WINDOWS\SYSTEM32\profapi.dll
0x00007ffff6960000 - 0x00007ffff6a37000 	C:\Program Files\Apache NetBeans\jdk\bin\jsvml.dll
0x00007ff81b2a0000 - 0x00007ff81b2b0000 	C:\Program Files\Apache NetBeans\jdk\bin\net.dll
0x00007ff83c4f0000 - 0x00007ff83c55b000 	C:\WINDOWS\system32\mswsock.dll
0x00007ffff8750000 - 0x00007ffff8766000 	C:\Program Files\Apache NetBeans\jdk\bin\nio.dll
0x00007ffff88a0000 - 0x00007ffff88b7000 	C:\Program Files\Apache NetBeans\jdk\bin\zip.dll
0x00007fffe67c0000 - 0x00007fffe693e000 	C:\Program Files\Apache NetBeans\jdk\bin\awt.dll
0x00007ff8371c0000 - 0x00007ff83725f000 	C:\WINDOWS\SYSTEM32\apphelp.dll
0x00007ff837530000 - 0x00007ff83755b000 	C:\WINDOWS\system32\DWMAPI.DLL
0x00007ff8372a0000 - 0x00007ff83734a000 	C:\WINDOWS\system32\uxtheme.dll
0x00007ffff4a80000 - 0x00007ffff4b8c000 	C:\WINDOWS\system32\opengl32.dll
0x00007ffff6b10000 - 0x00007ffff6b3d000 	C:\WINDOWS\SYSTEM32\GLU32.dll
0x00007ff837380000 - 0x00007ff8373c4000 	C:\WINDOWS\SYSTEM32\dxcore.dll
0x00007ff83e760000 - 0x00007ff83e8bb000 	C:\WINDOWS\System32\MSCTF.dll

JVMTI agents: none

dbghelp: loaded successfully - version: 4.0.5 - missing functions: none
symbol engine: initialized successfully - sym options: 0x614 - pdb path: .;C:\Program Files\Apache NetBeans\jdk\bin;C:\WINDOWS\SYSTEM32;C:\WINDOWS\WinSxS\amd64_microsoft.windows.common-controls_6595b64144ccf1df_6.0.26100.6725_none_3e085828e334708b;C:\Program Files\Apache NetBeans\jdk\bin\server

VM Arguments:
jvm_args: -Dfile.encoding=UTF-8 --module-path=C:\Users\ashis\Documents\NetBeansProjects\bank management system\build\classes 
java_command: bank.management.system.MiniStatement
java_class_path (initial): C:\Users\ashis\Downloads\jcalendar-1.4.jar;C:\Users\ashis\Desktop\mysql-connector-j-9.2.0.jar;C:\Users\ashis\Documents\NetBeansProjects\bank management system\build\classes
Launcher Type: SUN_STANDARD

[Global flags]
     intx CICompilerCount                          = 4                                         {product} {ergonomic}
     uint ConcGCThreads                            = 2                                         {product} {ergonomic}
     uint G1ConcRefinementThreads                  = 8                                         {product} {ergonomic}
   size_t G1HeapRegionSize                         = 1048576                                   {product} {ergonomic}
   size_t InitialHeapSize                          = 130023424                                 {product} {ergonomic}
   size_t MarkStackSize                            = 4194304                                   {product} {ergonomic}
   size_t MarkStackSizeMax                         = 536870912                                 {product} {ergonomic}
   size_t MaxHeapSize                              = 2065694720                                {product} {ergonomic}
   size_t MaxNewSize                               = 1239416832                                {product} {ergonomic}
   size_t MinHeapDeltaBytes                        = 1048576                                   {product} {ergonomic}
   size_t MinHeapSize                              = 8388608                                   {product} {ergonomic}
    uintx NonNMethodCodeHeapSize                   = 5832704                                {pd product} {ergonomic}
    uintx NonProfiledCodeHeapSize                  = 122945536                              {pd product} {ergonomic}
    uintx ProfiledCodeHeapSize                     = 122880000                              {pd product} {ergonomic}
    uintx ReservedCodeCacheSize                    = 251658240                              {pd product} {ergonomic}
     bool SegmentedCodeCache                       = true                                      {product} {ergonomic}
   size_t SoftMaxHeapSize                          = 2065694720                             {manageable} {ergonomic}
     bool UseCompressedOops                        = true                           {product lp64_product} {ergonomic}
     bool UseG1GC                                  = true                                      {product} {ergonomic}
     bool UseLargePagesIndividualAllocation        = false                                  {pd product} {ergonomic}

Logging:
Log output configuration:
 #0: stdout all=warning uptime,level,tags foldmultilines=false
 #1: stderr all=off uptime,level,tags foldmultilines=false

Environment Variables:
PATH=C:\Program Files\Common Files\Oracle\Java\javapath;C:\Program Files\Python312\Scripts\;C:\Program Files\Python312\;C:\WINDOWS\system32;C:\WINDOWS;C:\WINDOWS\System32\Wbem;C:\WINDOWS\System32\WindowsPowerShell\v1.0\;C:\WINDOWS\System32\OpenSSH\;C:\Program Files\dotnet\;C:\MinGW\bin;c:\Users\ashis\AppData\Local\Programs\Trae\bin;C:\Program Files\MySQL\MySQL Shell 8.0\bin\;C:\Users\ashis\AppData\Local\Microsoft\WindowsApps;C:\Users\ashis\AppData\Local\Programs\Microsoft VS Code\bin;C:\Users\ashis\Documents\IntelliJ IDEA 2024.2.3\bin;;C:\Windows\IntelliJ IDEA Community Edition 2024.2.3\bin;;C:\MinGW\bin;
USERNAME=ashis
OS=Windows_NT
PROCESSOR_IDENTIFIER=Intel64 Family 6 Model 154 Stepping 4, GenuineIntel
TMP=C:\Users\ashis\AppData\Local\Temp
TEMP=C:\Users\ashis\AppData\Local\Temp




Periodic native trim disabled

---------------  S Y S T E M  ---------------

OS:
 Windows 11 , 64 bit Build 26100 (10.0.26100.6725)
OS uptime: 3 days 0:59 hours
Hyper-V role detected

CPU: total 8 (initial active 8) (4 cores per cpu, 2 threads per core) family 6 model 154 stepping 4 microcode 0x437, cx8, cmov, fxsr, ht, mmx, 3dnowpref, sse, sse2, sse3, ssse3, sse4.1, sse4.2, popcnt, lzcnt, tsc, tscinvbit, avx, avx2, aes, erms, clmul, bmi1, bmi2, adx, sha, fma, vzeroupper, clflush, clflushopt, clwb, hv, serialize, rdtscp, rdpid, fsrm, gfni, f16c, cet_ibt, cet_ss
Processor Information for the first 8 processors :
  Max Mhz: 1200, Current Mhz: 1200, Mhz Limit: 1200

Memory: 4k page, system-wide physical 7876M (425M free)
TotalPageFile size 32452M (AvailPageFile size 70M)
current process WorkingSet (physical memory assigned to process): 69M, peak: 69M
current process commit charge ("private bytes"): 222M, peak: 224M

vm_info: OpenJDK 64-Bit Server VM (24.0.2+12) for windows-amd64 JRE (24.0.2+12) (Zulu24.32+13-CA), built on 2025-07-11T12:45:44Z with MS VC++ 17.1 (VS2022)

END.
