#
# There is insufficient memory for the Java Runtime Environment to continue.
# Native memory allocation (mmap) failed to map 130023424 bytes. Error detail: G1 virtual space
# Possible reasons:
#   The system is out of physical RAM or swap space
#   This process is running with CompressedOops enabled, and the Java Heap may be blocking the growth of the native heap
# Possible solutions:
#   Reduce memory load on the system
#   Increase physical memory or swap space
#   Check if swap backing store is full
#   Decrease Java heap size (-Xmx/-Xms)
#   Decrease number of Java threads
#   Decrease Java thread stack sizes (-Xss)
#   Set larger code cache with -XX:ReservedCodeCacheSize=
#   JVM is running with Unscaled Compressed Oops mode in which the Java heap is
#     placed in the first 4GB address space. The Java Heap base address is the
#     maximum limit for the native heap growth. Please use -XX:HeapBaseMinAddress
#     to set the Java Heap base and to place the Java Heap above 4GB virtual address.
# This output file may be truncated or incomplete.
#
#  Out of Memory Error (os_windows.cpp:3564), pid=21852, tid=35576
#
# JRE version:  (24.0.2+12) (build )
# Java VM: OpenJDK 64-Bit Server VM (24.0.2+12, mixed mode, sharing, tiered, compressed oops, compressed class ptrs, g1 gc, windows-amd64)
# No core dump will be written. Minidumps are not enabled by default on client versions of Windows
#

---------------  S U M M A R Y ------------

Command Line: -Dfile.encoding=UTF-8 --module-path=C:\Users\ashis\Documents\NetBeansProjects\bank management system\build\classes bank.management.system.MiniStatement

Host: 12th Gen Intel(R) Core(TM) i3-1215U, 8 cores, 7G,  Windows 11 , 64 bit Build 26100 (10.0.26100.6725)
Time: Tue Oct 14 12:24:18 2025 India Standard Time elapsed time: 2.035995 seconds (0d 0h 0m 2s)

---------------  T H R E A D  ---------------

Current thread (0x0000024517ddce60):  JavaThread "Unknown thread" [_thread_in_vm, id=35576, stack(0x00000070e4200000,0x00000070e4300000) (1024K)]

Stack: [0x00000070e4200000,0x00000070e4300000]
Native frames: (J=compiled Java code, j=interpreted, Vv=VM code, C=native code)
V  [jvm.dll+0x741329]  (no source info available)
V  [jvm.dll+0x97e243]  (no source info available)
V  [jvm.dll+0x98056d]  (no source info available)
V  [jvm.dll+0x980be3]  (no source info available)
V  [jvm.dll+0x2b5a76]  (no source info available)
V  [jvm.dll+0x73d795]  (no source info available)
V  [jvm.dll+0x730f4a]  (no source info available)
V  [jvm.dll+0x39ea2a]  (no source info available)
V  [jvm.dll+0x3a67a6]  (no source info available)
V  [jvm.dll+0x392fbe]  (no source info available)
V  [jvm.dll+0x393278]  (no source info available)
V  [jvm.dll+0x36a09c]  (no source info available)
V  [jvm.dll+0x36ad5d]  (no source info available)
V  [jvm.dll+0x9409ef]  (no source info available)
V  [jvm.dll+0x40786d]  (no source info available)
V  [jvm.dll+0x928e6e]  (no source info available)
V  [jvm.dll+0x4a2d0e]  (no source info available)
V  [jvm.dll+0x4a4c41]  (no source info available)
C  [jli.dll+0x52a1]  (no source info available)
C  [ucrtbase.dll+0x37b0]  (no source info available)
C  [KERNEL32.DLL+0x2e8d7]  (no source info available)
C  [ntdll.dll+0x8c53c]  (no source info available)

Lock stack of current Java thread (top to bottom):


---------------  P R O C E S S  ---------------

Threads class SMR info:
_java_thread_list=0x00007fff8c6cbf58, length=0, elements={
}

Java Threads: ( => current thread )
Total: 0

Other Threads:
  0x000002451a21cd00 WorkerThread "GC Thread#0"                     [id=23612, stack(0x00000070e4300000,0x00000070e4400000) (1024K)]
  0x000002451a231120 ConcurrentGCThread "G1 Main Marker"            [id=18304, stack(0x00000070e4400000,0x00000070e4500000) (1024K)]
  0x000002451a231c30 WorkerThread "G1 Conc#0"                       [id=1280, stack(0x00000070e4500000,0x00000070e4600000) (1024K)]

[error occurred during error reporting (printing all threads), id 0xc0000005, EXCEPTION_ACCESS_VIOLATION (0xc0000005) at pc=0x00007fff8bd3ef9a]
VM state: not at safepoint (not fully initialized)

VM Mutex/Monitor currently owned by a thread:  ([mutex/lock_event])
[0x00007fff8c755148] Heap_lock - owner thread: 0x0000024517ddce60

Heap address: 0x0000000084e00000, size: 1970 MB, Compressed Oops mode: 32-bit

CDS archive(s) mapped at: [0x0000000000000000-0x0000000000000000-0x0000000000000000), size 0, SharedBaseAddress: 0x0000000800000000, ArchiveRelocationMode: 1.
UseCompressedClassPointers 1, UseCompactObjectHeaders 0
Narrow klass pointer bits 32, Max shift 3
Narrow klass base: 0xffffffffffffffff, Narrow klass shift: -1
Encoding Range: [0xffffffffffffffff - 0x000000007fffffff), (2147483648 bytes)
Klass Range:    [0x0000000000000000 - 0x0000000000000000), (0 bytes)
Klass ID Range:  [4294967295 - 0) (1)

GC Precious Log:
 CardTable entry size: 512
 Card Set container configuration: InlinePtr #cards 5 size 8 Array Of Cards #cards 10 size 36 Howl #buckets 4 coarsen threshold 1843 Howl Bitmap #cards 512 size 80 coarsen threshold 460 Card regions per heap region 1 cards per card region 2048

Heap:
 garbage-first heap   total reserved 2017280K, committed 0K, used 0K [0x0000000084e00000, 0x0000000100000000)
  region size 1024K, 0 young (0K), 0 survivors (0K)

[error occurred during error reporting (printing heap information), id 0xc0000005, EXCEPTION_ACCESS_VIOLATION (0xc0000005) at pc=0x00007fff8c15fcd9]
GC Heap History (0 events):
No events

Dll operation events (1 events):
Event: 0.007 Loaded shared library C:\Program Files\Apache NetBeans\jdk\bin\java.dll

Deoptimization events (0 events):
No events

Classes loaded (0 events):
No events

Classes unloaded (0 events):
No events

Classes redefined (0 events):
No events

Internal exceptions (0 events):
No events

VM Operations (0 events):
No events

Memory protections (0 events):
No events

Nmethod flushes (0 events):
No events

Events (0 events):
No events


Dynamic libraries:
0x00007ff7e4d60000 - 0x00007ff7e4d6e000 	C:\Program Files\Apache NetBeans\jdk\bin\java.exe
0x00007ff840020000 - 0x00007ff840288000 	C:\WINDOWS\SYSTEM32\ntdll.dll
0x00007ff83e680000 - 0x00007ff83e749000 	C:\WINDOWS\System32\KERNEL32.DLL
0x00007ff83d520000 - 0x00007ff83d912000 	C:\WINDOWS\System32\KERNELBASE.dll
0x00007ff83dc10000 - 0x00007ff83dd5b000 	C:\WINDOWS\System32\ucrtbase.dll
0x00007ff81a1d0000 - 0x00007ff81a1ee000 	C:\Program Files\Apache NetBeans\jdk\bin\VCRUNTIME140.dll
0x00007ffffe990000 - 0x00007ffffe9a6000 	C:\Program Files\Apache NetBeans\jdk\bin\jli.dll
0x00007ff83e4b0000 - 0x00007ff83e675000 	C:\WINDOWS\System32\USER32.dll
0x00007ff83d4f0000 - 0x00007ff83d517000 	C:\WINDOWS\System32\win32u.dll
0x00007ff821ef0000 - 0x00007ff822183000 	C:\WINDOWS\WinSxS\amd64_microsoft.windows.common-controls_6595b64144ccf1df_6.0.26100.6725_none_3e085828e334708b\COMCTL32.dll
0x00007ff83ffb0000 - 0x00007ff83ffdb000 	C:\WINDOWS\System32\GDI32.dll
0x00007ff83e300000 - 0x00007ff83e3a9000 	C:\WINDOWS\System32\msvcrt.dll
0x00007ff83d1b0000 - 0x00007ff83d2dd000 	C:\WINDOWS\System32\gdi32full.dll
0x00007ff83db60000 - 0x00007ff83dc03000 	C:\WINDOWS\System32\msvcp_win.dll
0x00007ff83df20000 - 0x00007ff83df4f000 	C:\WINDOWS\System32\IMM32.DLL
0x00007ff832040000 - 0x00007ff83204c000 	C:\Program Files\Apache NetBeans\jdk\bin\vcruntime140_1.dll
0x00007ffff64b0000 - 0x00007ffff653d000 	C:\Program Files\Apache NetBeans\jdk\bin\msvcp140.dll
0x00007fff8b9c0000 - 0x00007fff8c83c000 	C:\Program Files\Apache NetBeans\jdk\bin\server\jvm.dll
0x00007ff83e1a0000 - 0x00007ff83e254000 	C:\WINDOWS\System32\ADVAPI32.dll
0x00007ff83ff00000 - 0x00007ff83ffa6000 	C:\WINDOWS\System32\sechost.dll
0x00007ff83f880000 - 0x00007ff83f998000 	C:\WINDOWS\System32\RPCRT4.dll
0x00007ff83e020000 - 0x00007ff83e094000 	C:\WINDOWS\System32\WS2_32.dll
0x00007ff83d010000 - 0x00007ff83d06e000 	C:\WINDOWS\SYSTEM32\POWRPROF.dll
0x00007ff822300000 - 0x00007ff82230b000 	C:\WINDOWS\SYSTEM32\VERSION.dll
0x00007ff83a340000 - 0x00007ff83a375000 	C:\WINDOWS\SYSTEM32\WINMM.dll
0x00007ff83cff0000 - 0x00007ff83d004000 	C:\WINDOWS\SYSTEM32\UMPDC.dll
0x00007ff83bf80000 - 0x00007ff83bf9b000 	C:\WINDOWS\SYSTEM32\kernel.appcore.dll
0x00007ff828ac0000 - 0x00007ff828aca000 	C:\Program Files\Apache NetBeans\jdk\bin\jimage.dll
0x00007ff83a800000 - 0x00007ff83aa42000 	C:\WINDOWS\SYSTEM32\DBGHELP.DLL
0x00007ff83e8c0000 - 0x00007ff83ec3b000 	C:\WINDOWS\System32\combase.dll
0x00007ff83f9a0000 - 0x00007ff83fa77000 	C:\WINDOWS\System32\OLEAUT32.dll
0x00007ff8063e0000 - 0x00007ff80641c000 	C:\WINDOWS\SYSTEM32\dbgcore.DLL
0x00007ff83d450000 - 0x00007ff83d4e8000 	C:\WINDOWS\System32\bcryptPrimitives.dll
0x00007ff80dee0000 - 0x00007ff80defe000 	C:\Program Files\Apache NetBeans\jdk\bin\java.dll
0x00007ff83fa80000 - 0x00007ff83fc18000 	C:\WINDOWS\System32\ole32.dll
0x00007ff83ec40000 - 0x00007ff83f38c000 	C:\WINDOWS\System32\SHELL32.dll
0x00007ff83d2e0000 - 0x00007ff83d44b000 	C:\WINDOWS\System32\wintypes.dll

JVMTI agents: none

dbghelp: loaded successfully - version: 4.0.5 - missing functions: none
symbol engine: initialized successfully - sym options: 0x614 - pdb path: .;C:\Program Files\Apache NetBeans\jdk\bin;C:\WINDOWS\SYSTEM32;C:\WINDOWS\WinSxS\amd64_microsoft.windows.common-controls_6595b64144ccf1df_6.0.26100.6725_none_3e085828e334708b;C:\Program Files\Apache NetBeans\jdk\bin\server

VM Arguments:
jvm_args: -Dfile.encoding=UTF-8 --module-path=C:\Users\ashis\Documents\NetBeansProjects\bank management system\build\classes 
java_command: bank.management.system.MiniStatement
java_class_path (initial): C:\Users\ashis\Downloads\jcalendar-1.4.jar;C:\Users\ashis\Desktop\mysql-connector-j-9.2.0.jar;C:\Users\ashis\Documents\NetBeansProjects\bank management system\build\classes
Launcher Type: SUN_STANDARD

[Global flags]
     intx CICompilerCount                          = 4                                         {product} {ergonomic}
     uint ConcGCThreads                            = 2                                         {product} {ergonomic}
     uint G1ConcRefinementThreads                  = 8                                         {product} {ergonomic}
   size_t G1HeapRegionSize                         = 1048576                                   {product} {ergonomic}
   size_t InitialHeapSize                          = 130023424                                 {product} {ergonomic}
   size_t MarkStackSize                            = 4194304                                   {product} {ergonomic}
   size_t MarkStackSizeMax                         = 536870912                                 {product} {ergonomic}
   size_t MaxHeapSize                              = 2065694720                                {product} {ergonomic}
   size_t MinHeapDeltaBytes                        = 1048576                                   {product} {ergonomic}
   size_t MinHeapSize                              = 8388608                                   {product} {ergonomic}
    uintx NonNMethodCodeHeapSize                   = 5832704                                {pd product} {ergonomic}
    uintx NonProfiledCodeHeapSize                  = 122945536                              {pd product} {ergonomic}
    uintx ProfiledCodeHeapSize                     = 122880000                              {pd product} {ergonomic}
    uintx ReservedCodeCacheSize                    = 251658240                              {pd product} {ergonomic}
     bool SegmentedCodeCache                       = true                                      {product} {ergonomic}
   size_t SoftMaxHeapSize                          = 2065694720                             {manageable} {ergonomic}
     bool UseCompressedOops                        = true                           {product lp64_product} {ergonomic}
     bool UseG1GC                                  = true                                      {product} {ergonomic}
     bool UseLargePagesIndividualAllocation        = false                                  {pd product} {ergonomic}

Logging:
Log output configuration:
 #0: stdout all=warning uptime,level,tags foldmultilines=false
 #1: stderr all=off uptime,level,tags foldmultilines=false

Environment Variables:
PATH=C:\Program Files\Common Files\Oracle\Java\javapath;C:\Program Files\Python312\Scripts\;C:\Program Files\Python312\;C:\WINDOWS\system32;C:\WINDOWS;C:\WINDOWS\System32\Wbem;C:\WINDOWS\System32\WindowsPowerShell\v1.0\;C:\WINDOWS\System32\OpenSSH\;C:\Program Files\dotnet\;C:\MinGW\bin;c:\Users\ashis\AppData\Local\Programs\Trae\bin;C:\Program Files\MySQL\MySQL Shell 8.0\bin\;C:\Users\ashis\AppData\Local\Microsoft\WindowsApps;C:\Users\ashis\AppData\Local\Programs\Microsoft VS Code\bin;C:\Users\ashis\Documents\IntelliJ IDEA 2024.2.3\bin;;C:\Windows\IntelliJ IDEA Community Edition 2024.2.3\bin;;C:\MinGW\bin;
USERNAME=ashis
OS=Windows_NT
PROCESSOR_IDENTIFIER=Intel64 Family 6 Model 154 Stepping 4, GenuineIntel
TMP=C:\Users\ashis\AppData\Local\Temp
TEMP=C:\Users\ashis\AppData\Local\Temp




Periodic native trim disabled

---------------  S Y S T E M  ---------------

OS:
 Windows 11 , 64 bit Build 26100 (10.0.26100.6725)
OS uptime: 3 days 1:13 hours
Hyper-V role detected

CPU: total 8 (initial active 8) (4 cores per cpu, 2 threads per core) family 6 model 154 stepping 4 microcode 0x437, cx8, cmov, fxsr, ht, mmx, 3dnowpref, sse, sse2, sse3, ssse3, sse4.1, sse4.2, popcnt, lzcnt, tsc, tscinvbit, avx, avx2, aes, erms, clmul, bmi1, bmi2, adx, sha, fma, vzeroupper, clflush, clflushopt, clwb, hv, serialize, rdtscp, rdpid, fsrm, gfni, f16c, cet_ibt, cet_ss
Processor Information for the first 8 processors :
  Max Mhz: 1200, Current Mhz: 1200, Mhz Limit: 1200

Memory: 4k page, system-wide physical 7876M (514M free)
TotalPageFile size 32452M (AvailPageFile size 106M)
current process WorkingSet (physical memory assigned to process): 13M, peak: 13M
current process commit charge ("private bytes"): 61M, peak: 184M

vm_info: OpenJDK 64-Bit Server VM (24.0.2+12) for windows-amd64 JRE (24.0.2+12) (Zulu24.32+13-CA), built on 2025-07-11T12:45:44Z with MS VC++ 17.1 (VS2022)

END.
